<?xml version="1.0" encoding="UTF-8" ?>
<testsuite tests="1" failures="1" name="com.Infocepts.QATesting.QATest" time="0.701" errors="0" skipped="0">
  <properties>
    <property name="java.runtime.name" value="Java(TM) SE Runtime Environment"/>
    <property name="sun.boot.library.path" value="C:\Program Files\Java\jdk1.8.0_151\jre\bin"/>
    <property name="java.vm.version" value="25.151-b12"/>
    <property name="java.vm.vendor" value="Oracle Corporation"/>
    <property name="maven.multiModuleProjectDirectory" value="C:\Users\vinit.aswale\workspace\QATesting"/>
    <property name="java.vendor.url" value="http://java.oracle.com/"/>
    <property name="path.separator" value=";"/>
    <property name="guice.disable.misplaced.annotation.check" value="true"/>
    <property name="java.vm.name" value="Java HotSpot(TM) 64-Bit Server VM"/>
    <property name="file.encoding.pkg" value="sun.io"/>
    <property name="user.script" value=""/>
    <property name="user.country" value="US"/>
    <property name="sun.java.launcher" value="SUN_STANDARD"/>
    <property name="sun.os.patch.level" value=""/>
    <property name="java.vm.specification.name" value="Java Virtual Machine Specification"/>
    <property name="user.dir" value="C:\Users\vinit.aswale\workspace\QATesting"/>
    <property name="java.runtime.version" value="1.8.0_151-b12"/>
    <property name="java.awt.graphicsenv" value="sun.awt.Win32GraphicsEnvironment"/>
    <property name="java.endorsed.dirs" value="C:\Program Files\Java\jdk1.8.0_151\jre\lib\endorsed"/>
    <property name="os.arch" value="amd64"/>
    <property name="java.io.tmpdir" value="C:\Users\VINIT~1.ASW\AppData\Local\Temp\"/>
    <property name="line.separator" value="
"/>
    <property name="java.vm.specification.vendor" value="Oracle Corporation"/>
    <property name="user.variant" value=""/>
    <property name="os.name" value="Windows 10"/>
    <property name="classworlds.conf" value="C:\Users\vinit.aswale\workspace\.metadata\.plugins\org.eclipse.m2e.launching\launches\m2conf3320968315005873425.tmp"/>
    <property name="sun.jnu.encoding" value="Cp1252"/>
    <property name="java.library.path" value="C:\Program Files\Java\jdk1.8.0_151\bin;C:\Windows\Sun\Java\bin;C:\Windows\system32;C:\Windows;C:/Program Files/Java/jre1.8.0_151/bin/server;C:/Program Files/Java/jre1.8.0_151/bin;C:/Program Files/Java/jre1.8.0_151/lib/amd64;C:\ProgramData\Oracle\Java\javapath;C:\Windows\system32;C:\Windows;C:\Windows\System32\Wbem;C:\Windows\System32\WindowsPowerShell\v1.0\;C:\Windows\System32\OpenSSH\;C:\Program Files\PuTTY\;C:\Users\vinit.aswale\AppData\Local\Microsoft\WindowsApps;C:\Users\vinit.aswale\AppData\Local\Programs\Git\cmd;C:\Users\vinit.aswale\Downloads\scala-SDK-4.7.0-vfinal-2.12-win32.win32.x86_64\eclipse;;."/>
    <property name="java.specification.name" value="Java Platform API Specification"/>
    <property name="java.class.version" value="52.0"/>
    <property name="sun.management.compiler" value="HotSpot 64-Bit Tiered Compilers"/>
    <property name="os.version" value="10.0"/>
    <property name="user.home" value="C:\Users\vinit.aswale"/>
    <property name="user.timezone" value="Asia/Calcutta"/>
    <property name="java.awt.printerjob" value="sun.awt.windows.WPrinterJob"/>
    <property name="java.specification.version" value="1.8"/>
    <property name="file.encoding" value="UTF-8"/>
    <property name="user.name" value="vinit.aswale"/>
    <property name="java.class.path" value="/C:/Users/vinit.aswale/Downloads/scala-SDK-4.7.0-vfinal-2.12-win32.win32.x86_64/eclipse/plugins/org.eclipse.m2e.maven.runtime_1.8.1.20170728-1531/jars/plexus-classworlds-2.5.2.jar"/>
    <property name="java.vm.specification.version" value="1.8"/>
    <property name="sun.arch.data.model" value="64"/>
    <property name="java.home" value="C:\Program Files\Java\jdk1.8.0_151\jre"/>
    <property name="sun.java.command" value="org.codehaus.plexus.classworlds.launcher.Launcher -B package"/>
    <property name="java.specification.vendor" value="Oracle Corporation"/>
    <property name="user.language" value="en"/>
    <property name="awt.toolkit" value="sun.awt.windows.WToolkit"/>
    <property name="java.vm.info" value="mixed mode"/>
    <property name="java.version" value="1.8.0_151"/>
    <property name="java.ext.dirs" value="C:\Program Files\Java\jdk1.8.0_151\jre\lib\ext;C:\Windows\Sun\Java\lib\ext"/>
    <property name="sun.boot.class.path" value="C:\Program Files\Java\jdk1.8.0_151\jre\lib\resources.jar;C:\Program Files\Java\jdk1.8.0_151\jre\lib\rt.jar;C:\Program Files\Java\jdk1.8.0_151\jre\lib\sunrsasign.jar;C:\Program Files\Java\jdk1.8.0_151\jre\lib\jsse.jar;C:\Program Files\Java\jdk1.8.0_151\jre\lib\jce.jar;C:\Program Files\Java\jdk1.8.0_151\jre\lib\charsets.jar;C:\Program Files\Java\jdk1.8.0_151\jre\lib\jfr.jar;C:\Program Files\Java\jdk1.8.0_151\jre\classes"/>
    <property name="java.vendor" value="Oracle Corporation"/>
    <property name="maven.home" value="C:\Users\vinit.aswale\workspace\QATesting\EMBEDDED"/>
    <property name="file.separator" value="\"/>
    <property name="java.vendor.url.bug" value="http://bugreport.sun.com/bugreport/"/>
    <property name="sun.cpu.endian" value="little"/>
    <property name="sun.io.unicode.encoding" value="UnicodeLittle"/>
    <property name="sun.desktop" value="windows"/>
    <property name="sun.cpu.isalist" value="amd64"/>
  </properties>
  <testcase classname="com.Infocepts.QATesting.QATest" name="com.Infocepts.QATesting.QATest.test1" time="0.701">
    <failure message="Error while instantiating &apos;org.apache.spark.sql.hive.HiveSessionState&apos;:" type="java.lang.IllegalArgumentException">java.lang.IllegalArgumentException: Error while instantiating &apos;org.apache.spark.sql.hive.HiveSessionState&apos;:
	at org.apache.spark.sql.SparkSession$.org$apache$spark$sql$SparkSession$$reflect(SparkSession.scala:981)
	at org.apache.spark.sql.SparkSession.sessionState$lzycompute(SparkSession.scala:110)
	at org.apache.spark.sql.SparkSession.sessionState(SparkSession.scala:109)
	at org.apache.spark.sql.SparkSession$Builder$$anonfun$getOrCreate$5.apply(SparkSession.scala:878)
	at org.apache.spark.sql.SparkSession$Builder$$anonfun$getOrCreate$5.apply(SparkSession.scala:878)
	at scala.collection.mutable.HashMap$$anonfun$foreach$1.apply(HashMap.scala:99)
	at scala.collection.mutable.HashMap$$anonfun$foreach$1.apply(HashMap.scala:99)
	at scala.collection.mutable.HashTable$class.foreachEntry(HashTable.scala:230)
	at scala.collection.mutable.HashMap.foreachEntry(HashMap.scala:40)
	at scala.collection.mutable.HashMap.foreach(HashMap.scala:99)
	at org.apache.spark.sql.SparkSession$Builder.getOrCreate(SparkSession.scala:878)
	at com.Infocepts.QATesting.QATest.test1(QATest.scala:13)
Caused by: java.lang.reflect.InvocationTargetException
	at sun.reflect.NativeConstructorAccessorImpl.newInstance0(Native Method)
	at sun.reflect.NativeConstructorAccessorImpl.newInstance(NativeConstructorAccessorImpl.java:62)
	at sun.reflect.DelegatingConstructorAccessorImpl.newInstance(DelegatingConstructorAccessorImpl.java:45)
	at java.lang.reflect.Constructor.newInstance(Constructor.java:423)
	at org.apache.spark.sql.SparkSession$.org$apache$spark$sql$SparkSession$$reflect(SparkSession.scala:978)
	... 29 more
Caused by: java.lang.IllegalArgumentException: Error while instantiating &apos;org.apache.spark.sql.hive.HiveExternalCatalog&apos;:
	at org.apache.spark.sql.internal.SharedState$.org$apache$spark$sql$internal$SharedState$$reflect(SharedState.scala:169)
	at org.apache.spark.sql.internal.SharedState.&lt;init&gt;(SharedState.scala:86)
	at org.apache.spark.sql.SparkSession$$anonfun$sharedState$1.apply(SparkSession.scala:101)
	at org.apache.spark.sql.SparkSession$$anonfun$sharedState$1.apply(SparkSession.scala:101)
	at scala.Option.getOrElse(Option.scala:121)
	at org.apache.spark.sql.SparkSession.sharedState$lzycompute(SparkSession.scala:101)
	at org.apache.spark.sql.SparkSession.sharedState(SparkSession.scala:100)
	at org.apache.spark.sql.internal.SessionState.&lt;init&gt;(SessionState.scala:157)
	at org.apache.spark.sql.hive.HiveSessionState.&lt;init&gt;(HiveSessionState.scala:32)
	... 34 more
Caused by: java.lang.reflect.InvocationTargetException
	at sun.reflect.NativeConstructorAccessorImpl.newInstance0(Native Method)
	at sun.reflect.NativeConstructorAccessorImpl.newInstance(NativeConstructorAccessorImpl.java:62)
	at sun.reflect.DelegatingConstructorAccessorImpl.newInstance(DelegatingConstructorAccessorImpl.java:45)
	at java.lang.reflect.Constructor.newInstance(Constructor.java:423)
	at org.apache.spark.sql.internal.SharedState$.org$apache$spark$sql$internal$SharedState$$reflect(SharedState.scala:166)
	... 42 more
Caused by: java.lang.reflect.InvocationTargetException
	at sun.reflect.NativeConstructorAccessorImpl.newInstance0(Native Method)
	at sun.reflect.NativeConstructorAccessorImpl.newInstance(NativeConstructorAccessorImpl.java:62)
	at sun.reflect.DelegatingConstructorAccessorImpl.newInstance(DelegatingConstructorAccessorImpl.java:45)
	at java.lang.reflect.Constructor.newInstance(Constructor.java:423)
	at org.apache.spark.sql.hive.client.IsolatedClientLoader.createClient(IsolatedClientLoader.scala:264)
	at org.apache.spark.sql.hive.HiveUtils$.newClientForMetadata(HiveUtils.scala:358)
	at org.apache.spark.sql.hive.HiveUtils$.newClientForMetadata(HiveUtils.scala:262)
	at org.apache.spark.sql.hive.HiveExternalCatalog.&lt;init&gt;(HiveExternalCatalog.scala:66)
	... 47 more
Caused by: java.lang.RuntimeException: java.lang.RuntimeException: Unable to instantiate org.apache.hadoop.hive.ql.metadata.SessionHiveMetaStoreClient
	at org.apache.hadoop.hive.ql.session.SessionState.start(SessionState.java:522)
	at org.apache.spark.sql.hive.client.HiveClientImpl.&lt;init&gt;(HiveClientImpl.scala:188)
	... 55 more
Caused by: java.lang.RuntimeException: Unable to instantiate org.apache.hadoop.hive.ql.metadata.SessionHiveMetaStoreClient
	at org.apache.hadoop.hive.metastore.MetaStoreUtils.newInstance(MetaStoreUtils.java:1523)
	at org.apache.hadoop.hive.metastore.RetryingMetaStoreClient.&lt;init&gt;(RetryingMetaStoreClient.java:86)
	at org.apache.hadoop.hive.metastore.RetryingMetaStoreClient.getProxy(RetryingMetaStoreClient.java:132)
	at org.apache.hadoop.hive.metastore.RetryingMetaStoreClient.getProxy(RetryingMetaStoreClient.java:104)
	at org.apache.hadoop.hive.ql.metadata.Hive.createMetaStoreClient(Hive.java:3005)
	at org.apache.hadoop.hive.ql.metadata.Hive.getMSC(Hive.java:3024)
	at org.apache.hadoop.hive.ql.session.SessionState.start(SessionState.java:503)
	... 56 more
Caused by: java.lang.reflect.InvocationTargetException
	at sun.reflect.NativeConstructorAccessorImpl.newInstance0(Native Method)
	at sun.reflect.NativeConstructorAccessorImpl.newInstance(NativeConstructorAccessorImpl.java:62)
	at sun.reflect.DelegatingConstructorAccessorImpl.newInstance(DelegatingConstructorAccessorImpl.java:45)
	at java.lang.reflect.Constructor.newInstance(Constructor.java:423)
	at org.apache.hadoop.hive.metastore.MetaStoreUtils.newInstance(MetaStoreUtils.java:1521)
	... 62 more
Caused by: java.lang.NullPointerException
	at java.lang.ProcessBuilder.start(ProcessBuilder.java:1012)
	at org.apache.hadoop.util.Shell.runCommand(Shell.java:404)
	at org.apache.hadoop.util.Shell.run(Shell.java:379)
	at org.apache.hadoop.util.Shell$ShellCommandExecutor.execute(Shell.java:589)
	at org.apache.hadoop.util.Shell.execCommand(Shell.java:678)
	at org.apache.hadoop.util.Shell.execCommand(Shell.java:661)
	at org.apache.hadoop.security.ShellBasedUnixGroupsMapping.getUnixGroups(ShellBasedUnixGroupsMapping.java:83)
	at org.apache.hadoop.security.ShellBasedUnixGroupsMapping.getGroups(ShellBasedUnixGroupsMapping.java:52)
	at org.apache.hadoop.security.JniBasedUnixGroupsMappingWithFallback.getGroups(JniBasedUnixGroupsMappingWithFallback.java:50)
	at org.apache.hadoop.security.Groups.getGroups(Groups.java:89)
	at org.apache.hadoop.security.UserGroupInformation.getGroupNames(UserGroupInformation.java:1352)
	at org.apache.hadoop.hive.metastore.HiveMetaStoreClient.open(HiveMetaStoreClient.java:436)
	at org.apache.hadoop.hive.metastore.HiveMetaStoreClient.&lt;init&gt;(HiveMetaStoreClient.java:236)
	at org.apache.hadoop.hive.ql.metadata.SessionHiveMetaStoreClient.&lt;init&gt;(SessionHiveMetaStoreClient.java:74)
	... 67 more
</failure>
    <system-err>20/10/22 15:28:16 WARN SparkContext: Using an existing SparkContext; some configuration may not take effect.
20/10/22 15:28:16 INFO SharedState: Warehouse path is &apos;file:/C:/Users/vinit.aswale/workspace/QATesting/spark-warehouse&apos;.
20/10/22 15:28:16 INFO HiveUtils: Initializing HiveMetastoreConnection version 1.2.1 using Spark classes.
20/10/22 15:28:16 INFO deprecation: mapred.max.split.size is deprecated. Instead, use mapreduce.input.fileinputformat.split.maxsize
20/10/22 15:28:16 INFO deprecation: mapred.reduce.tasks.speculative.execution is deprecated. Instead, use mapreduce.reduce.speculative
20/10/22 15:28:16 INFO deprecation: mapred.committer.job.setup.cleanup.needed is deprecated. Instead, use mapreduce.job.committer.setup.cleanup.needed
20/10/22 15:28:16 INFO deprecation: mapred.min.split.size.per.rack is deprecated. Instead, use mapreduce.input.fileinputformat.split.minsize.per.rack
20/10/22 15:28:16 INFO deprecation: mapred.min.split.size is deprecated. Instead, use mapreduce.input.fileinputformat.split.minsize
20/10/22 15:28:16 INFO deprecation: mapred.min.split.size.per.node is deprecated. Instead, use mapreduce.input.fileinputformat.split.minsize.per.node
20/10/22 15:28:16 INFO deprecation: mapred.reduce.tasks is deprecated. Instead, use mapreduce.job.reduces
20/10/22 15:28:16 INFO deprecation: mapred.input.dir.recursive is deprecated. Instead, use mapreduce.input.fileinputformat.input.dir.recursive
20/10/22 15:28:16 INFO metastore: Trying to connect to metastore with URI thrift://im-hdp-mgr1.infocepts.com:9083
20/10/22 15:28:17 WARN Hive: Failed to access metastore. This class should not accessed in runtime.
org.apache.hadoop.hive.ql.metadata.HiveException: java.lang.RuntimeException: Unable to instantiate org.apache.hadoop.hive.ql.metadata.SessionHiveMetaStoreClient
	at org.apache.hadoop.hive.ql.metadata.Hive.getAllDatabases(Hive.java:1236)
	at org.apache.hadoop.hive.ql.metadata.Hive.reloadFunctions(Hive.java:174)
	at org.apache.hadoop.hive.ql.metadata.Hive.&lt;clinit&gt;(Hive.java:166)
	at org.apache.hadoop.hive.ql.session.SessionState.start(SessionState.java:503)
	at org.apache.spark.sql.hive.client.HiveClientImpl.&lt;init&gt;(HiveClientImpl.scala:188)
	at sun.reflect.NativeConstructorAccessorImpl.newInstance0(Native Method)
	at sun.reflect.NativeConstructorAccessorImpl.newInstance(NativeConstructorAccessorImpl.java:62)
	at sun.reflect.DelegatingConstructorAccessorImpl.newInstance(DelegatingConstructorAccessorImpl.java:45)
	at java.lang.reflect.Constructor.newInstance(Constructor.java:423)
	at org.apache.spark.sql.hive.client.IsolatedClientLoader.createClient(IsolatedClientLoader.scala:264)
	at org.apache.spark.sql.hive.HiveUtils$.newClientForMetadata(HiveUtils.scala:358)
	at org.apache.spark.sql.hive.HiveUtils$.newClientForMetadata(HiveUtils.scala:262)
	at org.apache.spark.sql.hive.HiveExternalCatalog.&lt;init&gt;(HiveExternalCatalog.scala:66)
	at sun.reflect.NativeConstructorAccessorImpl.newInstance0(Native Method)
	at sun.reflect.NativeConstructorAccessorImpl.newInstance(NativeConstructorAccessorImpl.java:62)
	at sun.reflect.DelegatingConstructorAccessorImpl.newInstance(DelegatingConstructorAccessorImpl.java:45)
	at java.lang.reflect.Constructor.newInstance(Constructor.java:423)
	at org.apache.spark.sql.internal.SharedState$.org$apache$spark$sql$internal$SharedState$$reflect(SharedState.scala:166)
	at org.apache.spark.sql.internal.SharedState.&lt;init&gt;(SharedState.scala:86)
	at org.apache.spark.sql.SparkSession$$anonfun$sharedState$1.apply(SparkSession.scala:101)
	at org.apache.spark.sql.SparkSession$$anonfun$sharedState$1.apply(SparkSession.scala:101)
	at scala.Option.getOrElse(Option.scala:121)
	at org.apache.spark.sql.SparkSession.sharedState$lzycompute(SparkSession.scala:101)
	at org.apache.spark.sql.SparkSession.sharedState(SparkSession.scala:100)
	at org.apache.spark.sql.internal.SessionState.&lt;init&gt;(SessionState.scala:157)
	at org.apache.spark.sql.hive.HiveSessionState.&lt;init&gt;(HiveSessionState.scala:32)
	at sun.reflect.NativeConstructorAccessorImpl.newInstance0(Native Method)
	at sun.reflect.NativeConstructorAccessorImpl.newInstance(NativeConstructorAccessorImpl.java:62)
	at sun.reflect.DelegatingConstructorAccessorImpl.newInstance(DelegatingConstructorAccessorImpl.java:45)
	at java.lang.reflect.Constructor.newInstance(Constructor.java:423)
	at org.apache.spark.sql.SparkSession$.org$apache$spark$sql$SparkSession$$reflect(SparkSession.scala:978)
	at org.apache.spark.sql.SparkSession.sessionState$lzycompute(SparkSession.scala:110)
	at org.apache.spark.sql.SparkSession.sessionState(SparkSession.scala:109)
	at org.apache.spark.sql.SparkSession$Builder$$anonfun$getOrCreate$5.apply(SparkSession.scala:878)
	at org.apache.spark.sql.SparkSession$Builder$$anonfun$getOrCreate$5.apply(SparkSession.scala:878)
	at scala.collection.mutable.HashMap$$anonfun$foreach$1.apply(HashMap.scala:99)
	at scala.collection.mutable.HashMap$$anonfun$foreach$1.apply(HashMap.scala:99)
	at scala.collection.mutable.HashTable$class.foreachEntry(HashTable.scala:230)
	at scala.collection.mutable.HashMap.foreachEntry(HashMap.scala:40)
	at scala.collection.mutable.HashMap.foreach(HashMap.scala:99)
	at org.apache.spark.sql.SparkSession$Builder.getOrCreate(SparkSession.scala:878)
	at com.Infocepts.QATesting.QATest.test1(QATest.scala:13)
	at sun.reflect.NativeMethodAccessorImpl.invoke0(Native Method)
	at sun.reflect.NativeMethodAccessorImpl.invoke(NativeMethodAccessorImpl.java:62)
	at sun.reflect.DelegatingMethodAccessorImpl.invoke(DelegatingMethodAccessorImpl.java:43)
	at java.lang.reflect.Method.invoke(Method.java:498)
	at org.apache.maven.surefire.junit.PojoTestSet.executeTestMethod(PojoTestSet.java:151)
	at org.apache.maven.surefire.junit.PojoTestSet.executeTestMethods(PojoTestSet.java:102)
	at org.apache.maven.surefire.junit.PojoTestSet.execute(PojoTestSet.java:83)
	at org.apache.maven.surefire.junit.JUnit3Provider.executeTestSet(JUnit3Provider.java:121)
	at org.apache.maven.surefire.junit.JUnit3Provider.invoke(JUnit3Provider.java:98)
	at sun.reflect.NativeMethodAccessorImpl.invoke0(Native Method)
	at sun.reflect.NativeMethodAccessorImpl.invoke(NativeMethodAccessorImpl.java:62)
	at sun.reflect.DelegatingMethodAccessorImpl.invoke(DelegatingMethodAccessorImpl.java:43)
	at java.lang.reflect.Method.invoke(Method.java:498)
	at org.apache.maven.surefire.util.ReflectionUtils.invokeMethodWithArray(ReflectionUtils.java:189)
	at org.apache.maven.surefire.booter.ProviderFactory$ProviderProxy.invoke(ProviderFactory.java:165)
	at org.apache.maven.surefire.booter.ProviderFactory.invokeProvider(ProviderFactory.java:85)
	at org.apache.maven.surefire.booter.ForkedBooter.runSuitesInProcess(ForkedBooter.java:115)
	at org.apache.maven.surefire.booter.ForkedBooter.main(ForkedBooter.java:75)
Caused by: java.lang.RuntimeException: Unable to instantiate org.apache.hadoop.hive.ql.metadata.SessionHiveMetaStoreClient
	at org.apache.hadoop.hive.metastore.MetaStoreUtils.newInstance(MetaStoreUtils.java:1523)
	at org.apache.hadoop.hive.metastore.RetryingMetaStoreClient.&lt;init&gt;(RetryingMetaStoreClient.java:86)
	at org.apache.hadoop.hive.metastore.RetryingMetaStoreClient.getProxy(RetryingMetaStoreClient.java:132)
	at org.apache.hadoop.hive.metastore.RetryingMetaStoreClient.getProxy(RetryingMetaStoreClient.java:104)
	at org.apache.hadoop.hive.ql.metadata.Hive.createMetaStoreClient(Hive.java:3005)
	at org.apache.hadoop.hive.ql.metadata.Hive.getMSC(Hive.java:3024)
	at org.apache.hadoop.hive.ql.metadata.Hive.getAllDatabases(Hive.java:1234)
	... 59 more
Caused by: java.lang.reflect.InvocationTargetException
	at sun.reflect.NativeConstructorAccessorImpl.newInstance0(Native Method)
	at sun.reflect.NativeConstructorAccessorImpl.newInstance(NativeConstructorAccessorImpl.java:62)
	at sun.reflect.DelegatingConstructorAccessorImpl.newInstance(DelegatingConstructorAccessorImpl.java:45)
	at java.lang.reflect.Constructor.newInstance(Constructor.java:423)
	at org.apache.hadoop.hive.metastore.MetaStoreUtils.newInstance(MetaStoreUtils.java:1521)
	... 65 more
Caused by: java.lang.NullPointerException
	at java.lang.ProcessBuilder.start(ProcessBuilder.java:1012)
	at org.apache.hadoop.util.Shell.runCommand(Shell.java:404)
	at org.apache.hadoop.util.Shell.run(Shell.java:379)
	at org.apache.hadoop.util.Shell$ShellCommandExecutor.execute(Shell.java:589)
	at org.apache.hadoop.util.Shell.execCommand(Shell.java:678)
	at org.apache.hadoop.util.Shell.execCommand(Shell.java:661)
	at org.apache.hadoop.security.ShellBasedUnixGroupsMapping.getUnixGroups(ShellBasedUnixGroupsMapping.java:83)
	at org.apache.hadoop.security.ShellBasedUnixGroupsMapping.getGroups(ShellBasedUnixGroupsMapping.java:52)
	at org.apache.hadoop.security.JniBasedUnixGroupsMappingWithFallback.getGroups(JniBasedUnixGroupsMappingWithFallback.java:50)
	at org.apache.hadoop.security.Groups.getGroups(Groups.java:89)
	at org.apache.hadoop.security.UserGroupInformation.getGroupNames(UserGroupInformation.java:1352)
	at org.apache.hadoop.hive.metastore.HiveMetaStoreClient.open(HiveMetaStoreClient.java:436)
	at org.apache.hadoop.hive.metastore.HiveMetaStoreClient.&lt;init&gt;(HiveMetaStoreClient.java:236)
	at org.apache.hadoop.hive.ql.metadata.SessionHiveMetaStoreClient.&lt;init&gt;(SessionHiveMetaStoreClient.java:74)
	... 70 more
20/10/22 15:28:17 INFO metastore: Trying to connect to metastore with URI thrift://im-hdp-mgr1.infocepts.com:9083
</system-err>
  </testcase>
</testsuite>